<?xml version="1.0" encoding="UTF-8"?>
<testsuite xmlns:xsi="http://www.w3.org/2001/XMLSchema-instance" xsi:noNamespaceSchemaLocation="https://maven.apache.org/surefire/maven-surefire-plugin/xsd/surefire-test-report.xsd" name="TestSuite" time="424.471" tests="42" errors="0" skipped="0" failures="0">
  <properties>
    <property name="java.specification.version" value="15"/>
    <property name="sun.jnu.encoding" value="UTF-8"/>
    <property name="java.class.path" value="/Users/apple/Documents/Source/auto-fxce/target/test-classes:/Users/apple/Documents/Source/auto-fxce/target/classes:/Users/apple/.m2/repository/org/jboss/aerogear/aerogear-otp-java/1.0.0/aerogear-otp-java-1.0.0.jar:/Users/apple/.m2/repository/org/postgresql/postgresql/42.2.19/postgresql-42.2.19.jar:/Users/apple/.m2/repository/org/checkerframework/checker-qual/3.5.0/checker-qual-3.5.0.jar:/Users/apple/.m2/repository/io/rest-assured/rest-assured/4.3.0/rest-assured-4.3.0.jar:/Users/apple/.m2/repository/org/codehaus/groovy/groovy/3.0.2/groovy-3.0.2.jar:/Users/apple/.m2/repository/org/codehaus/groovy/groovy-xml/3.0.2/groovy-xml-3.0.2.jar:/Users/apple/.m2/repository/org/apache/httpcomponents/httpclient/4.5.3/httpclient-4.5.3.jar:/Users/apple/.m2/repository/org/apache/httpcomponents/httpcore/4.4.6/httpcore-4.4.6.jar:/Users/apple/.m2/repository/commons-logging/commons-logging/1.2/commons-logging-1.2.jar:/Users/apple/.m2/repository/commons-codec/commons-codec/1.9/commons-codec-1.9.jar:/Users/apple/.m2/repository/org/apache/httpcomponents/httpmime/4.5.3/httpmime-4.5.3.jar:/Users/apple/.m2/repository/org/hamcrest/hamcrest/2.1/hamcrest-2.1.jar:/Users/apple/.m2/repository/org/ccil/cowan/tagsoup/tagsoup/1.2.1/tagsoup-1.2.1.jar:/Users/apple/.m2/repository/io/rest-assured/json-path/4.3.0/json-path-4.3.0.jar:/Users/apple/.m2/repository/org/codehaus/groovy/groovy-json/3.0.2/groovy-json-3.0.2.jar:/Users/apple/.m2/repository/io/rest-assured/rest-assured-common/4.3.0/rest-assured-common-4.3.0.jar:/Users/apple/.m2/repository/io/rest-assured/xml-path/4.3.0/xml-path-4.3.0.jar:/Users/apple/.m2/repository/jakarta/xml/bind/jakarta.xml.bind-api/2.3.2/jakarta.xml.bind-api-2.3.2.jar:/Users/apple/.m2/repository/jakarta/activation/jakarta.activation-api/1.2.1/jakarta.activation-api-1.2.1.jar:/Users/apple/.m2/repository/com/sun/xml/bind/jaxb-osgi/2.3.0.1/jaxb-osgi-2.3.0.1.jar:/Users/apple/.m2/repository/org/apache/sling/org.apache.sling.javax.activation/0.1.0/org.apache.sling.javax.activation-0.1.0.jar:/Users/apple/.m2/repository/javax/activation/activation/1.1.1/activation-1.1.1.jar:/Users/apple/.m2/repository/com/fasterxml/jackson/core/jackson-databind/2.10.3/jackson-databind-2.10.3.jar:/Users/apple/.m2/repository/com/fasterxml/jackson/core/jackson-annotations/2.10.3/jackson-annotations-2.10.3.jar:/Users/apple/.m2/repository/com/fasterxml/jackson/core/jackson-core/2.10.3/jackson-core-2.10.3.jar:/Users/apple/.m2/repository/org/projectlombok/lombok/1.18.12/lombok-1.18.12.jar:/Users/apple/.m2/repository/org/testng/testng/7.3.0/testng-7.3.0.jar:/Users/apple/.m2/repository/com/beust/jcommander/1.78/jcommander-1.78.jar:/Users/apple/.m2/repository/org/apache/ant/ant/1.10.3/ant-1.10.3.jar:/Users/apple/.m2/repository/org/apache/ant/ant-launcher/1.10.3/ant-launcher-1.10.3.jar:/Users/apple/.m2/repository/junit/junit/4.12/junit-4.12.jar:/Users/apple/.m2/repository/org/hamcrest/hamcrest-core/1.3/hamcrest-core-1.3.jar:/Users/apple/.m2/repository/com/google/inject/guice/4.2.2/guice-4.2.2-no_aop.jar:/Users/apple/.m2/repository/javax/inject/javax.inject/1/javax.inject-1.jar:/Users/apple/.m2/repository/aopalliance/aopalliance/1.0/aopalliance-1.0.jar:/Users/apple/.m2/repository/com/google/guava/guava/25.1-android/guava-25.1-android.jar:/Users/apple/.m2/repository/com/google/code/findbugs/jsr305/3.0.2/jsr305-3.0.2.jar:/Users/apple/.m2/repository/org/checkerframework/checker-compat-qual/2.0.0/checker-compat-qual-2.0.0.jar:/Users/apple/.m2/repository/com/google/errorprone/error_prone_annotations/2.1.3/error_prone_annotations-2.1.3.jar:/Users/apple/.m2/repository/com/google/j2objc/j2objc-annotations/1.1/j2objc-annotations-1.1.jar:/Users/apple/.m2/repository/org/codehaus/mojo/animal-sniffer-annotations/1.14/animal-sniffer-annotations-1.14.jar:/Users/apple/.m2/repository/org/yaml/snakeyaml/1.21/snakeyaml-1.21.jar:/Users/apple/.m2/repository/com/github/javafaker/javafaker/1.0.2/javafaker-1.0.2.jar:/Users/apple/.m2/repository/org/apache/commons/commons-lang3/3.5/commons-lang3-3.5.jar:/Users/apple/.m2/repository/org/yaml/snakeyaml/1.23/snakeyaml-1.23-android.jar:/Users/apple/.m2/repository/com/github/mifmif/generex/1.0.2/generex-1.0.2.jar:/Users/apple/.m2/repository/dk/brics/automaton/automaton/1.11-8/automaton-1.11-8.jar:/Users/apple/.m2/repository/org/aeonbits/owner/owner/1.0.12/owner-1.0.12.jar:/Users/apple/.m2/repository/com/googlecode/json-simple/json-simple/1.1/json-simple-1.1.jar:/Users/apple/.m2/repository/com/google/code/gson/gson/2.8.6/gson-2.8.6.jar:/Users/apple/.m2/repository/com/jayway/jsonpath/json-path/2.3.0/json-path-2.3.0.jar:/Users/apple/.m2/repository/net/minidev/json-smart/2.3/json-smart-2.3.jar:/Users/apple/.m2/repository/net/minidev/accessors-smart/1.2/accessors-smart-1.2.jar:/Users/apple/.m2/repository/org/ow2/asm/asm/5.0.4/asm-5.0.4.jar:/Users/apple/.m2/repository/org/slf4j/slf4j-api/1.7.25/slf4j-api-1.7.25.jar:/Users/apple/.m2/repository/log4j/log4j/1.2.17/log4j-1.2.17.jar:/Users/apple/.m2/repository/org/slf4j/slf4j-simple/1.7.21/slf4j-simple-1.7.21.jar:"/>
    <property name="java.vm.vendor" value="Oracle Corporation"/>
    <property name="sun.arch.data.model" value="64"/>
    <property name="java.vendor.url" value="https://java.oracle.com/"/>
    <property name="envir" value="dev"/>
    <property name="os.name" value="Mac OS X"/>
    <property name="java.vm.specification.version" value="15"/>
    <property name="sun.java.launcher" value="SUN_STANDARD"/>
    <property name="user.country" value="VN"/>
    <property name="sun.boot.library.path" value="/Library/Java/JavaVirtualMachines/jdk-15.0.2.jdk/Contents/Home/lib"/>
    <property name="sun.java.command" value="/Users/apple/Documents/Source/auto-fxce/target/surefire/surefirebooter9996244723758088517.jar /Users/apple/Documents/Source/auto-fxce/target/surefire 2021-03-19T14-20-35_017-jvmRun1 surefire3332491747752957868tmp surefire_016762868972659189606tmp"/>
    <property name="http.nonProxyHosts" value="local|*.local|169.254/16|*.169.254/16"/>
    <property name="jdk.debug" value="release"/>
    <property name="surefire.test.class.path" value="/Users/apple/Documents/Source/auto-fxce/target/test-classes:/Users/apple/Documents/Source/auto-fxce/target/classes:/Users/apple/.m2/repository/org/jboss/aerogear/aerogear-otp-java/1.0.0/aerogear-otp-java-1.0.0.jar:/Users/apple/.m2/repository/org/postgresql/postgresql/42.2.19/postgresql-42.2.19.jar:/Users/apple/.m2/repository/org/checkerframework/checker-qual/3.5.0/checker-qual-3.5.0.jar:/Users/apple/.m2/repository/io/rest-assured/rest-assured/4.3.0/rest-assured-4.3.0.jar:/Users/apple/.m2/repository/org/codehaus/groovy/groovy/3.0.2/groovy-3.0.2.jar:/Users/apple/.m2/repository/org/codehaus/groovy/groovy-xml/3.0.2/groovy-xml-3.0.2.jar:/Users/apple/.m2/repository/org/apache/httpcomponents/httpclient/4.5.3/httpclient-4.5.3.jar:/Users/apple/.m2/repository/org/apache/httpcomponents/httpcore/4.4.6/httpcore-4.4.6.jar:/Users/apple/.m2/repository/commons-logging/commons-logging/1.2/commons-logging-1.2.jar:/Users/apple/.m2/repository/commons-codec/commons-codec/1.9/commons-codec-1.9.jar:/Users/apple/.m2/repository/org/apache/httpcomponents/httpmime/4.5.3/httpmime-4.5.3.jar:/Users/apple/.m2/repository/org/hamcrest/hamcrest/2.1/hamcrest-2.1.jar:/Users/apple/.m2/repository/org/ccil/cowan/tagsoup/tagsoup/1.2.1/tagsoup-1.2.1.jar:/Users/apple/.m2/repository/io/rest-assured/json-path/4.3.0/json-path-4.3.0.jar:/Users/apple/.m2/repository/org/codehaus/groovy/groovy-json/3.0.2/groovy-json-3.0.2.jar:/Users/apple/.m2/repository/io/rest-assured/rest-assured-common/4.3.0/rest-assured-common-4.3.0.jar:/Users/apple/.m2/repository/io/rest-assured/xml-path/4.3.0/xml-path-4.3.0.jar:/Users/apple/.m2/repository/jakarta/xml/bind/jakarta.xml.bind-api/2.3.2/jakarta.xml.bind-api-2.3.2.jar:/Users/apple/.m2/repository/jakarta/activation/jakarta.activation-api/1.2.1/jakarta.activation-api-1.2.1.jar:/Users/apple/.m2/repository/com/sun/xml/bind/jaxb-osgi/2.3.0.1/jaxb-osgi-2.3.0.1.jar:/Users/apple/.m2/repository/org/apache/sling/org.apache.sling.javax.activation/0.1.0/org.apache.sling.javax.activation-0.1.0.jar:/Users/apple/.m2/repository/javax/activation/activation/1.1.1/activation-1.1.1.jar:/Users/apple/.m2/repository/com/fasterxml/jackson/core/jackson-databind/2.10.3/jackson-databind-2.10.3.jar:/Users/apple/.m2/repository/com/fasterxml/jackson/core/jackson-annotations/2.10.3/jackson-annotations-2.10.3.jar:/Users/apple/.m2/repository/com/fasterxml/jackson/core/jackson-core/2.10.3/jackson-core-2.10.3.jar:/Users/apple/.m2/repository/org/projectlombok/lombok/1.18.12/lombok-1.18.12.jar:/Users/apple/.m2/repository/org/testng/testng/7.3.0/testng-7.3.0.jar:/Users/apple/.m2/repository/com/beust/jcommander/1.78/jcommander-1.78.jar:/Users/apple/.m2/repository/org/apache/ant/ant/1.10.3/ant-1.10.3.jar:/Users/apple/.m2/repository/org/apache/ant/ant-launcher/1.10.3/ant-launcher-1.10.3.jar:/Users/apple/.m2/repository/junit/junit/4.12/junit-4.12.jar:/Users/apple/.m2/repository/org/hamcrest/hamcrest-core/1.3/hamcrest-core-1.3.jar:/Users/apple/.m2/repository/com/google/inject/guice/4.2.2/guice-4.2.2-no_aop.jar:/Users/apple/.m2/repository/javax/inject/javax.inject/1/javax.inject-1.jar:/Users/apple/.m2/repository/aopalliance/aopalliance/1.0/aopalliance-1.0.jar:/Users/apple/.m2/repository/com/google/guava/guava/25.1-android/guava-25.1-android.jar:/Users/apple/.m2/repository/com/google/code/findbugs/jsr305/3.0.2/jsr305-3.0.2.jar:/Users/apple/.m2/repository/org/checkerframework/checker-compat-qual/2.0.0/checker-compat-qual-2.0.0.jar:/Users/apple/.m2/repository/com/google/errorprone/error_prone_annotations/2.1.3/error_prone_annotations-2.1.3.jar:/Users/apple/.m2/repository/com/google/j2objc/j2objc-annotations/1.1/j2objc-annotations-1.1.jar:/Users/apple/.m2/repository/org/codehaus/mojo/animal-sniffer-annotations/1.14/animal-sniffer-annotations-1.14.jar:/Users/apple/.m2/repository/org/yaml/snakeyaml/1.21/snakeyaml-1.21.jar:/Users/apple/.m2/repository/com/github/javafaker/javafaker/1.0.2/javafaker-1.0.2.jar:/Users/apple/.m2/repository/org/apache/commons/commons-lang3/3.5/commons-lang3-3.5.jar:/Users/apple/.m2/repository/org/yaml/snakeyaml/1.23/snakeyaml-1.23-android.jar:/Users/apple/.m2/repository/com/github/mifmif/generex/1.0.2/generex-1.0.2.jar:/Users/apple/.m2/repository/dk/brics/automaton/automaton/1.11-8/automaton-1.11-8.jar:/Users/apple/.m2/repository/org/aeonbits/owner/owner/1.0.12/owner-1.0.12.jar:/Users/apple/.m2/repository/com/googlecode/json-simple/json-simple/1.1/json-simple-1.1.jar:/Users/apple/.m2/repository/com/google/code/gson/gson/2.8.6/gson-2.8.6.jar:/Users/apple/.m2/repository/com/jayway/jsonpath/json-path/2.3.0/json-path-2.3.0.jar:/Users/apple/.m2/repository/net/minidev/json-smart/2.3/json-smart-2.3.jar:/Users/apple/.m2/repository/net/minidev/accessors-smart/1.2/accessors-smart-1.2.jar:/Users/apple/.m2/repository/org/ow2/asm/asm/5.0.4/asm-5.0.4.jar:/Users/apple/.m2/repository/org/slf4j/slf4j-api/1.7.25/slf4j-api-1.7.25.jar:/Users/apple/.m2/repository/log4j/log4j/1.2.17/log4j-1.2.17.jar:/Users/apple/.m2/repository/org/slf4j/slf4j-simple/1.7.21/slf4j-simple-1.7.21.jar:"/>
    <property name="sun.cpu.endian" value="little"/>
    <property name="user.home" value="/Users/apple"/>
    <property name="user.language" value="en"/>
    <property name="java.specification.vendor" value="Oracle Corporation"/>
    <property name="java.version.date" value="2021-01-19"/>
    <property name="java.home" value="/Library/Java/JavaVirtualMachines/jdk-15.0.2.jdk/Contents/Home"/>
    <property name="file.separator" value="/"/>
    <property name="basedir" value="/Users/apple/Documents/Source/auto-fxce"/>
    <property name="java.vm.compressedOopsMode" value="Zero based"/>
    <property name="line.separator" value="&#10;"/>
    <property name="java.specification.name" value="Java Platform API Specification"/>
    <property name="java.vm.specification.vendor" value="Oracle Corporation"/>
    <property name="surefire.real.class.path" value="/Users/apple/Documents/Source/auto-fxce/target/surefire/surefirebooter9996244723758088517.jar"/>
    <property name="sun.management.compiler" value="HotSpot 64-Bit Tiered Compilers"/>
    <property name="ftp.nonProxyHosts" value="local|*.local|169.254/16|*.169.254/16"/>
    <property name="java.runtime.version" value="15.0.2+7-27"/>
    <property name="user.name" value="apple"/>
    <property name="path.separator" value=":"/>
    <property name="os.version" value="10.15.7"/>
    <property name="java.runtime.name" value="Java(TM) SE Runtime Environment"/>
    <property name="file.encoding" value="UTF-8"/>
    <property name="java.vm.name" value="Java HotSpot(TM) 64-Bit Server VM"/>
    <property name="lang" value="en"/>
    <property name="localRepository" value="/Users/apple/.m2/repository"/>
    <property name="java.vendor.url.bug" value="https://bugreport.java.com/bugreport/"/>
    <property name="java.io.tmpdir" value="/var/folders/vv/6yy0mlb55y3gljclz0yb9r6w0000gn/T/"/>
    <property name="java.version" value="15.0.2"/>
    <property name="user.dir" value="/Users/apple/Documents/Source/auto-fxce"/>
    <property name="os.arch" value="x86_64"/>
    <property name="java.vm.specification.name" value="Java Virtual Machine Specification"/>
    <property name="java.library.path" value="/Users/apple/Library/Java/Extensions:/Library/Java/Extensions:/Network/Library/Java/Extensions:/System/Library/Java/Extensions:/usr/lib/java:."/>
    <property name="java.vm.info" value="mixed mode, sharing"/>
    <property name="java.vendor" value="Oracle Corporation"/>
    <property name="java.vm.version" value="15.0.2+7-27"/>
    <property name="sun.io.unicode.encoding" value="UnicodeBig"/>
    <property name="socksNonProxyHosts" value="local|*.local|169.254/16|*.169.254/16"/>
    <property name="java.class.version" value="59.0"/>
  </properties>
  <testcase name="VerifyRegisterWithInvalidInfor" classname="TestCase.SSO.RegisterAndLogin" time="1.41"/>
  <testcase name="VerifyRegisterWithInvalidInfor" classname="TestCase.SSO.RegisterAndLogin" time="0.501"/>
  <testcase name="VerifyRegisterWithInvalidInfor" classname="TestCase.SSO.RegisterAndLogin" time="0.606"/>
  <testcase name="VerifyRegisterWithInvalidInfor" classname="TestCase.SSO.RegisterAndLogin" time="0.615"/>
  <testcase name="VerifyRegisterWithInvalidInfor" classname="TestCase.SSO.RegisterAndLogin" time="0.096"/>
  <testcase name="VerifyRegisterWithInvalidInfor" classname="TestCase.SSO.RegisterAndLogin" time="0.094"/>
  <testcase name="VerifyRegisterWithInvalidInfor" classname="TestCase.SSO.RegisterAndLogin" time="0.083"/>
  <testcase name="VerifyRegisterWithInvalidInfor" classname="TestCase.SSO.RegisterAndLogin" time="0.109"/>
  <testcase name="VerifyRegisterWithInvalidInfor" classname="TestCase.SSO.RegisterAndLogin" time="0.297"/>
  <testcase name="VerifyRegisterSuccessful" classname="TestCase.SSO.RegisterAndLogin" time="0.585"/>
  <testcase name="VerifyLoginWithoutActiveEmail" classname="TestCase.SSO.RegisterAndLogin" time="0.317"/>
  <testcase name="VerifyConfirmEmailFail" classname="TestCase.SSO.RegisterAndLogin" time="0.103"/>
  <testcase name="VerifyConfirmEmailFail" classname="TestCase.SSO.RegisterAndLogin" time="0.088"/>
  <testcase name="VerifyConfirmSuccessful" classname="TestCase.SSO.RegisterAndLogin" time="0.118"/>
  <testcase name="VerifyLoginByEmailOrUsername" classname="TestCase.SSO.RegisterAndLogin" time="0.324"/>
  <testcase name="VerifyLoginByEmailOrUsername" classname="TestCase.SSO.RegisterAndLogin" time="0.321"/>
  <testcase name="VerifyLoginByInvalidAccount" classname="TestCase.SSO.RegisterAndLogin" time="0.088"/>
  <testcase name="VerifyLoginByInvalidAccount" classname="TestCase.SSO.RegisterAndLogin" time="0.306"/>
  <testcase name="VerifyLoginByInvalidAccount" classname="TestCase.SSO.RegisterAndLogin" time="0.293"/>
  <testcase name="VerifyLoginByInvalidAccount" classname="TestCase.SSO.RegisterAndLogin" time="0.082"/>
  <testcase name="VerifyLoginAfterConfirmEmail" classname="TestCase.SSO.RegisterAndLogin" time="0.353"/>
  <testcase name="Generate2FAWithoutToken" classname="TestCase.SSO.TwoFAAuthen" time="0.083"/>
  <testcase name="Generate2FASuccessful" classname="TestCase.SSO.TwoFAAuthen" time="2.808"/>
  <testcase name="VerifyEnable2FASuccessful" classname="TestCase.SSO.TwoFAAuthen" time="0.342"/>
  <testcase name="VerifyEnable2WithSessionRevoked" classname="TestCase.SSO.TwoFAAuthen" time="0.094"/>
  <testcase name="VerifyLogin2FA" classname="TestCase.SSO.TwoFAAuthen" time="31.505"/>
  <testcase name="VerifyLogin2FAWithInvalidData" classname="TestCase.SSO.TwoFAAuthen" time="0.078"/>
  <testcase name="VerifyLogin2FAWithInvalidData" classname="TestCase.SSO.TwoFAAuthen" time="0.075"/>
  <testcase name="VerifyLogin2FAWithInvalidData" classname="TestCase.SSO.TwoFAAuthen" time="0.099"/>
  <testcase name="VerifyLogin2FAWithInvalidData" classname="TestCase.SSO.TwoFAAuthen" time="0.089"/>
  <testcase name="VerifyDisable2FASuccessful" classname="TestCase.SSO.TwoFAAuthen" time="31.456"/>
  <testcase name="VerifyEnable2FAWithInvalidData" classname="TestCase.SSO.TwoFAAuthen" time="3.674"/>
  <testcase name="VerifyEnable2FAWithInvalidData" classname="TestCase.SSO.TwoFAAuthen" time="4.243"/>
  <testcase name="VerifyEnable2FAWithInvalidData" classname="TestCase.SSO.TwoFAAuthen" time="3.326"/>
  <testcase name="VerifyDisable2FAHadnotEnabledYet" classname="TestCase.SSO.TwoFAAuthen" time="1.528"/>
  <testcase name="VerifyDisable2FAWithSessionRevoked" classname="TestCase.SSO.TwoFAAuthen" time="2.472"/>
  <testcase name="VerifyDisable2FAWithInvalidInfor" classname="TestCase.SSO.TwoFAAuthen" time="66.673"/>
  <testcase name="VerifyDisable2FAWithInvalidInfor" classname="TestCase.SSO.TwoFAAuthen" time="65.802"/>
  <testcase name="VerifyDisable2FAWithInvalidInfor" classname="TestCase.SSO.TwoFAAuthen" time="66.149"/>
  <testcase name="VerifyDisable2FAWithInvalidInfor" classname="TestCase.SSO.TwoFAAuthen" time="66.098"/>
  <testcase name="VerifyDisable2FAWithInvalidInfor" classname="TestCase.SSO.TwoFAAuthen" time="65.711"/>
  <testcase name="LoginBackUpSucessful" classname="TestCase.SSO.TwoFAAuthen" time="3.802"/>
</testsuite>