<?xml version="1.0" encoding="UTF-8"?>
<!-- Generated by org.testng.reporters.JUnitReportReporter -->
<testsuite hostname="Apples-MacBook-Pro.local" failures="0" tests="21" name="TestCase.SSO.RegisterAndLogin" time="6.795" errors="0" timestamp="2021-03-19T14:27:39 ICT" skipped="0">
  <testcase classname="TestCase.SSO.RegisterAndLogin" name="VerifyRegisterWithInvalidInfor" time="0.616"/>
  <system-out/>
  <testcase classname="TestCase.SSO.RegisterAndLogin" name="VerifyRegisterWithInvalidInfor" time="1.411"/>
  <system-out/>
  <testcase classname="TestCase.SSO.RegisterAndLogin" name="VerifyRegisterWithInvalidInfor" time="0.083"/>
  <system-out/>
  <testcase classname="TestCase.SSO.RegisterAndLogin" name="VerifyRegisterWithInvalidInfor" time="0.110"/>
  <system-out/>
  <testcase classname="TestCase.SSO.RegisterAndLogin" name="VerifyRegisterWithInvalidInfor" time="0.093"/>
  <system-out/>
  <testcase classname="TestCase.SSO.RegisterAndLogin" name="VerifyRegisterWithInvalidInfor" time="0.297"/>
  <system-out/>
  <testcase classname="TestCase.SSO.RegisterAndLogin" name="VerifyRegisterWithInvalidInfor" time="0.607"/>
  <system-out/>
  <testcase classname="TestCase.SSO.RegisterAndLogin" name="VerifyRegisterWithInvalidInfor" time="0.096"/>
  <system-out/>
  <testcase classname="TestCase.SSO.RegisterAndLogin" name="VerifyRegisterWithInvalidInfor" time="0.503"/>
  <system-out/>
  <testcase classname="TestCase.SSO.RegisterAndLogin" name="VerifyRegisterSuccessful" time="0.584"/>
  <system-out/>
  <testcase classname="TestCase.SSO.RegisterAndLogin" name="VerifyLoginWithoutActiveEmail" time="0.318"/>
  <system-out/>
  <testcase classname="TestCase.SSO.RegisterAndLogin" name="VerifyConfirmEmailFail" time="0.088"/>
  <system-out/>
  <testcase classname="TestCase.SSO.RegisterAndLogin" name="VerifyConfirmEmailFail" time="0.103"/>
  <system-out/>
  <testcase classname="TestCase.SSO.RegisterAndLogin" name="VerifyConfirmSuccessful" time="0.118"/>
  <system-out/>
  <testcase classname="TestCase.SSO.RegisterAndLogin" name="VerifyLoginByEmailOrUsername" time="0.322"/>
  <system-out/>
  <testcase classname="TestCase.SSO.RegisterAndLogin" name="VerifyLoginByEmailOrUsername" time="0.324"/>
  <system-out/>
  <testcase classname="TestCase.SSO.RegisterAndLogin" name="VerifyLoginByInvalidAccount" time="0.293"/>
  <system-out/>
  <testcase classname="TestCase.SSO.RegisterAndLogin" name="VerifyLoginByInvalidAccount" time="0.307"/>
  <system-out/>
  <testcase classname="TestCase.SSO.RegisterAndLogin" name="VerifyLoginByInvalidAccount" time="0.083"/>
  <system-out/>
  <testcase classname="TestCase.SSO.RegisterAndLogin" name="VerifyLoginByInvalidAccount" time="0.087"/>
  <system-out/>
  <testcase classname="TestCase.SSO.RegisterAndLogin" name="VerifyLoginAfterConfirmEmail" time="0.352"/>
  <system-out/>
</testsuite> <!-- TestCase.SSO.RegisterAndLogin -->
