<?xml version="1.0" encoding="UTF-8"?>
<!-- Generated by org.testng.reporters.JUnitReportReporter -->
<testsuite hostname="Apples-MacBook-Pro.local" failures="0" tests="21" name="TestCase.SSO.TwoFAAuthen" time="416.108" errors="0" timestamp="2021-03-19T14:27:39 ICT" skipped="0">
  <testcase classname="TestCase.SSO.TwoFAAuthen" name="Generate2FAWithoutToken" time="0.083"/>
  <system-out/>
  <testcase classname="TestCase.SSO.TwoFAAuthen" name="Generate2FASuccessful" time="2.809"/>
  <system-out/>
  <testcase classname="TestCase.SSO.TwoFAAuthen" name="VerifyEnable2FASuccessful" time="0.342"/>
  <system-out/>
  <testcase classname="TestCase.SSO.TwoFAAuthen" name="VerifyEnable2WithSessionRevoked" time="0.094"/>
  <system-out/>
  <testcase classname="TestCase.SSO.TwoFAAuthen" name="VerifyLogin2FA" time="31.506"/>
  <system-out/>
  <testcase classname="TestCase.SSO.TwoFAAuthen" name="VerifyLogin2FAWithInvalidData" time="0.088"/>
  <system-out/>
  <testcase classname="TestCase.SSO.TwoFAAuthen" name="VerifyLogin2FAWithInvalidData" time="0.076"/>
  <system-out/>
  <testcase classname="TestCase.SSO.TwoFAAuthen" name="VerifyLogin2FAWithInvalidData" time="0.099"/>
  <system-out/>
  <testcase classname="TestCase.SSO.TwoFAAuthen" name="VerifyLogin2FAWithInvalidData" time="0.078"/>
  <system-out/>
  <testcase classname="TestCase.SSO.TwoFAAuthen" name="VerifyDisable2FASuccessful" time="31.456"/>
  <system-out/>
  <testcase classname="TestCase.SSO.TwoFAAuthen" name="VerifyEnable2FAWithInvalidData" time="3.326"/>
  <system-out/>
  <testcase classname="TestCase.SSO.TwoFAAuthen" name="VerifyEnable2FAWithInvalidData" time="3.674"/>
  <system-out/>
  <testcase classname="TestCase.SSO.TwoFAAuthen" name="VerifyEnable2FAWithInvalidData" time="4.244"/>
  <system-out/>
  <testcase classname="TestCase.SSO.TwoFAAuthen" name="VerifyDisable2FAHadnotEnabledYet" time="1.528"/>
  <system-out/>
  <testcase classname="TestCase.SSO.TwoFAAuthen" name="VerifyDisable2FAWithSessionRevoked" time="2.471"/>
  <system-out/>
  <testcase classname="TestCase.SSO.TwoFAAuthen" name="VerifyDisable2FAWithInvalidInfor" time="65.801"/>
  <system-out/>
  <testcase classname="TestCase.SSO.TwoFAAuthen" name="VerifyDisable2FAWithInvalidInfor" time="65.710"/>
  <system-out/>
  <testcase classname="TestCase.SSO.TwoFAAuthen" name="VerifyDisable2FAWithInvalidInfor" time="66.097"/>
  <system-out/>
  <testcase classname="TestCase.SSO.TwoFAAuthen" name="VerifyDisable2FAWithInvalidInfor" time="66.150"/>
  <system-out/>
  <testcase classname="TestCase.SSO.TwoFAAuthen" name="VerifyDisable2FAWithInvalidInfor" time="66.674"/>
  <system-out/>
  <testcase classname="TestCase.SSO.TwoFAAuthen" name="LoginBackUpSucessful" time="3.802"/>
  <system-out/>
</testsuite> <!-- TestCase.SSO.TwoFAAuthen -->
